0 info it worked if it ends with ok
1 verbose cli [ '/opt/local/bin/node', '/opt/local/bin/npm', 'update' ]
2 info using npm@3.7.1
3 info using node@v4.3.0
4 silly mapToRegistry name angular2
5 silly mapToRegistry using default registry
6 silly mapToRegistry registry https://registry.npmjs.org/
7 silly mapToRegistry uri https://registry.npmjs.org/angular2
8 silly mapToRegistry name babel-core
9 silly mapToRegistry using default registry
10 silly mapToRegistry registry https://registry.npmjs.org/
11 silly mapToRegistry uri https://registry.npmjs.org/babel-core
12 silly mapToRegistry name babel-eslint
13 silly mapToRegistry using default registry
14 silly mapToRegistry registry https://registry.npmjs.org/
15 silly mapToRegistry uri https://registry.npmjs.org/babel-eslint
16 silly mapToRegistry name babel-plugin-angular2-annotations
17 silly mapToRegistry using default registry
18 silly mapToRegistry registry https://registry.npmjs.org/
19 silly mapToRegistry uri https://registry.npmjs.org/babel-plugin-angular2-annotations
20 silly mapToRegistry name babel-plugin-transform-class-properties
21 silly mapToRegistry using default registry
22 silly mapToRegistry registry https://registry.npmjs.org/
23 silly mapToRegistry uri https://registry.npmjs.org/babel-plugin-transform-class-properties
24 silly mapToRegistry name babel-plugin-transform-decorators-legacy
25 silly mapToRegistry using default registry
26 silly mapToRegistry registry https://registry.npmjs.org/
27 silly mapToRegistry uri https://registry.npmjs.org/babel-plugin-transform-decorators-legacy
28 silly mapToRegistry name babel-plugin-transform-es2015-classes
29 silly mapToRegistry using default registry
30 silly mapToRegistry registry https://registry.npmjs.org/
31 silly mapToRegistry uri https://registry.npmjs.org/babel-plugin-transform-es2015-classes
32 silly mapToRegistry name babel-plugin-transform-flow-strip-types
33 silly mapToRegistry using default registry
34 silly mapToRegistry registry https://registry.npmjs.org/
35 silly mapToRegistry uri https://registry.npmjs.org/babel-plugin-transform-flow-strip-types
36 silly mapToRegistry name babel-polyfill
37 silly mapToRegistry using default registry
38 silly mapToRegistry registry https://registry.npmjs.org/
39 silly mapToRegistry uri https://registry.npmjs.org/babel-polyfill
40 silly mapToRegistry name babel-preset-es2015
41 silly mapToRegistry using default registry
42 silly mapToRegistry registry https://registry.npmjs.org/
43 silly mapToRegistry uri https://registry.npmjs.org/babel-preset-es2015
44 silly mapToRegistry name babel-preset-es2015-loose
45 silly mapToRegistry using default registry
46 silly mapToRegistry registry https://registry.npmjs.org/
47 silly mapToRegistry uri https://registry.npmjs.org/babel-preset-es2015-loose
48 silly mapToRegistry name babelify
49 silly mapToRegistry using default registry
50 silly mapToRegistry registry https://registry.npmjs.org/
51 silly mapToRegistry uri https://registry.npmjs.org/babelify
52 silly mapToRegistry name babylon
53 silly mapToRegistry using default registry
54 silly mapToRegistry registry https://registry.npmjs.org/
55 silly mapToRegistry uri https://registry.npmjs.org/babylon
56 silly mapToRegistry name browserify
57 silly mapToRegistry using default registry
58 silly mapToRegistry registry https://registry.npmjs.org/
59 silly mapToRegistry uri https://registry.npmjs.org/browserify
60 silly mapToRegistry name browserify-incremental
61 silly mapToRegistry using default registry
62 silly mapToRegistry registry https://registry.npmjs.org/
63 silly mapToRegistry uri https://registry.npmjs.org/browserify-incremental
64 silly mapToRegistry name crypto-js
65 silly mapToRegistry using default registry
66 silly mapToRegistry registry https://registry.npmjs.org/
67 silly mapToRegistry uri https://registry.npmjs.org/crypto-js
68 silly mapToRegistry name es6-promise
69 silly mapToRegistry using default registry
70 silly mapToRegistry registry https://registry.npmjs.org/
71 silly mapToRegistry uri https://registry.npmjs.org/es6-promise
72 silly mapToRegistry name es6-shim
73 silly mapToRegistry using default registry
74 silly mapToRegistry registry https://registry.npmjs.org/
75 silly mapToRegistry uri https://registry.npmjs.org/es6-shim
76 silly mapToRegistry name jasmine-core
77 silly mapToRegistry using default registry
78 silly mapToRegistry registry https://registry.npmjs.org/
79 silly mapToRegistry uri https://registry.npmjs.org/jasmine-core
80 silly mapToRegistry name karma
81 silly mapToRegistry using default registry
82 silly mapToRegistry registry https://registry.npmjs.org/
83 silly mapToRegistry uri https://registry.npmjs.org/karma
84 silly mapToRegistry name karma-browserify
85 silly mapToRegistry using default registry
86 silly mapToRegistry registry https://registry.npmjs.org/
87 silly mapToRegistry uri https://registry.npmjs.org/karma-browserify
88 silly mapToRegistry name karma-firefox-launcher
89 silly mapToRegistry using default registry
90 silly mapToRegistry registry https://registry.npmjs.org/
91 silly mapToRegistry uri https://registry.npmjs.org/karma-firefox-launcher
92 silly mapToRegistry name karma-jasmine
93 silly mapToRegistry using default registry
94 silly mapToRegistry registry https://registry.npmjs.org/
95 silly mapToRegistry uri https://registry.npmjs.org/karma-jasmine
96 silly mapToRegistry name karma-source-map-support
97 silly mapToRegistry using default registry
98 silly mapToRegistry registry https://registry.npmjs.org/
99 silly mapToRegistry uri https://registry.npmjs.org/karma-source-map-support
100 silly mapToRegistry name mock-promises
101 silly mapToRegistry using default registry
102 silly mapToRegistry registry https://registry.npmjs.org/
103 silly mapToRegistry uri https://registry.npmjs.org/mock-promises
104 silly mapToRegistry name reflect-metadata
105 silly mapToRegistry using default registry
106 silly mapToRegistry registry https://registry.npmjs.org/
107 silly mapToRegistry uri https://registry.npmjs.org/reflect-metadata
108 silly mapToRegistry name rxjs
109 silly mapToRegistry using default registry
110 silly mapToRegistry registry https://registry.npmjs.org/
111 silly mapToRegistry uri https://registry.npmjs.org/rxjs
112 silly mapToRegistry name stringify
113 silly mapToRegistry using default registry
114 silly mapToRegistry registry https://registry.npmjs.org/
115 silly mapToRegistry uri https://registry.npmjs.org/stringify
116 silly mapToRegistry name watchify
117 silly mapToRegistry using default registry
118 silly mapToRegistry registry https://registry.npmjs.org/
119 silly mapToRegistry uri https://registry.npmjs.org/watchify
120 silly mapToRegistry name zone.js
121 silly mapToRegistry using default registry
122 silly mapToRegistry registry https://registry.npmjs.org/
123 silly mapToRegistry uri https://registry.npmjs.org/zone.js
124 verbose request uri https://registry.npmjs.org/angular2
125 verbose request no auth needed
126 info attempt registry request try #1 at 16:50:17
127 verbose request id 15e44e9b4c24bddd
128 verbose etag "E1YYOMAGAAP19JVH0J7LNCCVV"
129 http request GET https://registry.npmjs.org/angular2
130 verbose request uri https://registry.npmjs.org/babel-plugin-angular2-annotations
131 verbose request no auth needed
132 info attempt registry request try #1 at 16:50:17
133 verbose etag "1622LF2WJM5WOYWCUY48LLXCS"
134 http request GET https://registry.npmjs.org/babel-plugin-angular2-annotations
135 verbose request uri https://registry.npmjs.org/babel-plugin-transform-class-properties
136 verbose request no auth needed
137 info attempt registry request try #1 at 16:50:17
138 verbose etag "4NDQH7PR0BRC7JKXLZB0PSUUJ"
139 http request GET https://registry.npmjs.org/babel-plugin-transform-class-properties
140 verbose request uri https://registry.npmjs.org/babel-eslint
141 verbose request no auth needed
142 info attempt registry request try #1 at 16:50:17
143 verbose etag "8Q3BIGSOZZAKAOBS1L4V41MWL"
144 http request GET https://registry.npmjs.org/babel-eslint
145 verbose request uri https://registry.npmjs.org/babel-plugin-transform-decorators-legacy
146 verbose request no auth needed
147 info attempt registry request try #1 at 16:50:17
148 verbose etag "BN68BI2J48A5OUCVT87Y5L4K3"
149 http request GET https://registry.npmjs.org/babel-plugin-transform-decorators-legacy
150 verbose request uri https://registry.npmjs.org/babel-plugin-transform-es2015-classes
151 verbose request no auth needed
152 info attempt registry request try #1 at 16:50:17
153 verbose etag "1R7DTSC96T276HOKUFOLBZWCX"
154 http request GET https://registry.npmjs.org/babel-plugin-transform-es2015-classes
155 verbose request uri https://registry.npmjs.org/babel-plugin-transform-flow-strip-types
156 verbose request no auth needed
157 info attempt registry request try #1 at 16:50:17
158 verbose etag "C2S7SXF8ZAN2QNP3YRC4NRCAZ"
159 http request GET https://registry.npmjs.org/babel-plugin-transform-flow-strip-types
160 verbose request uri https://registry.npmjs.org/babel-polyfill
161 verbose request no auth needed
162 info attempt registry request try #1 at 16:50:17
163 verbose etag "7CCFOL55DD32NOSKWU8FCU74Q"
164 http request GET https://registry.npmjs.org/babel-polyfill
165 verbose request uri https://registry.npmjs.org/babel-preset-es2015
166 verbose request no auth needed
167 info attempt registry request try #1 at 16:50:17
168 verbose etag "9DB7FFAGZ0RQ8VCPU7V29ENKQ"
169 http request GET https://registry.npmjs.org/babel-preset-es2015
170 verbose request uri https://registry.npmjs.org/babel-preset-es2015-loose
171 verbose request no auth needed
172 info attempt registry request try #1 at 16:50:17
173 verbose etag "7QVN57IU1X4CE2VJZ875HZGJQ"
174 http request GET https://registry.npmjs.org/babel-preset-es2015-loose
175 verbose request uri https://registry.npmjs.org/babel-core
176 verbose request no auth needed
177 info attempt registry request try #1 at 16:50:17
178 verbose etag "91BMKX03UTQZLYYVV5JPEGA0D"
179 http request GET https://registry.npmjs.org/babel-core
180 verbose request uri https://registry.npmjs.org/babelify
181 verbose request no auth needed
182 info attempt registry request try #1 at 16:50:17
183 verbose etag "EWU2WGXV774UGS5IV9WB3M4X3"
184 http request GET https://registry.npmjs.org/babelify
185 verbose request uri https://registry.npmjs.org/babylon
186 verbose request no auth needed
187 info attempt registry request try #1 at 16:50:17
188 verbose etag "XY5Q27TIFE9Y1PH63WTI6NJG"
189 http request GET https://registry.npmjs.org/babylon
190 verbose request uri https://registry.npmjs.org/browserify-incremental
191 verbose request no auth needed
192 info attempt registry request try #1 at 16:50:17
193 verbose etag "CDDVWS4YTPBJ3Y7XAXVQE54KR"
194 http request GET https://registry.npmjs.org/browserify-incremental
195 verbose request uri https://registry.npmjs.org/crypto-js
196 verbose request no auth needed
197 info attempt registry request try #1 at 16:50:17
198 verbose etag "BNF31CUU4HF98D10IW1ZU8M2Z"
199 http request GET https://registry.npmjs.org/crypto-js
200 verbose request uri https://registry.npmjs.org/es6-promise
201 verbose request no auth needed
202 info attempt registry request try #1 at 16:50:17
203 verbose etag "BUSP1DPVNPLDGD79T8F9QO2S0"
204 http request GET https://registry.npmjs.org/es6-promise
205 verbose request uri https://registry.npmjs.org/jasmine-core
206 verbose request no auth needed
207 info attempt registry request try #1 at 16:50:17
208 verbose etag "BEIRIPJFU8OAVC0KOUI74RW3O"
209 http request GET https://registry.npmjs.org/jasmine-core
210 verbose request uri https://registry.npmjs.org/karma-browserify
211 verbose request no auth needed
212 info attempt registry request try #1 at 16:50:17
213 verbose etag "2AP3KPUNX3D40I7RZ7L7LJG84"
214 http request GET https://registry.npmjs.org/karma-browserify
215 verbose request uri https://registry.npmjs.org/karma-firefox-launcher
216 verbose request no auth needed
217 info attempt registry request try #1 at 16:50:17
218 verbose etag "917N9X36QDZ3SVX0Q7C7WQYLR"
219 http request GET https://registry.npmjs.org/karma-firefox-launcher
220 verbose request uri https://registry.npmjs.org/karma-jasmine
221 verbose request no auth needed
222 info attempt registry request try #1 at 16:50:17
223 verbose etag "COQIOJLMIVMR8QNMQ6TVT7BP7"
224 http request GET https://registry.npmjs.org/karma-jasmine
225 verbose request uri https://registry.npmjs.org/karma-source-map-support
226 verbose request no auth needed
227 info attempt registry request try #1 at 16:50:17
228 verbose etag "509A33G8UAARLMPZZFF10JYNU"
229 http request GET https://registry.npmjs.org/karma-source-map-support
230 verbose request uri https://registry.npmjs.org/mock-promises
231 verbose request no auth needed
232 info attempt registry request try #1 at 16:50:17
233 verbose etag "7PV4BCAZEQMQ25YWPPSZYLX87"
234 http request GET https://registry.npmjs.org/mock-promises
235 verbose request uri https://registry.npmjs.org/reflect-metadata
236 verbose request no auth needed
237 info attempt registry request try #1 at 16:50:17
238 verbose etag "ALR0H8W23JMSDAF0WMBCAYP5O"
239 http request GET https://registry.npmjs.org/reflect-metadata
240 verbose request uri https://registry.npmjs.org/rxjs
241 verbose request no auth needed
242 info attempt registry request try #1 at 16:50:17
243 verbose etag "A5XEBGVRHVR0BRN8OSE7BRG4S"
244 http request GET https://registry.npmjs.org/rxjs
245 verbose request uri https://registry.npmjs.org/stringify
246 verbose request no auth needed
247 info attempt registry request try #1 at 16:50:17
248 verbose etag "373ZZU9QLX49A2IAKUB3OSTGP"
249 http request GET https://registry.npmjs.org/stringify
250 verbose request uri https://registry.npmjs.org/es6-shim
251 verbose request no auth needed
252 info attempt registry request try #1 at 16:50:17
253 verbose etag "EH5WMZZJWYJFAD2EJG6PIP3XE"
254 http request GET https://registry.npmjs.org/es6-shim
255 verbose request uri https://registry.npmjs.org/watchify
256 verbose request no auth needed
257 info attempt registry request try #1 at 16:50:17
258 verbose etag "8OEU3UYMT171FZY92JU3UDA8T"
259 http request GET https://registry.npmjs.org/watchify
260 verbose request uri https://registry.npmjs.org/browserify
261 verbose request no auth needed
262 info attempt registry request try #1 at 16:50:17
263 verbose etag "1T7DYJ67RBH4X57FFWWRN13X8"
264 http request GET https://registry.npmjs.org/browserify
265 verbose request uri https://registry.npmjs.org/zone.js
266 verbose request no auth needed
267 info attempt registry request try #1 at 16:50:17
268 verbose etag "23AS8CHJ194E4TK5ALEP5SS4S"
269 http request GET https://registry.npmjs.org/zone.js
270 verbose request uri https://registry.npmjs.org/karma
271 verbose request no auth needed
272 info attempt registry request try #1 at 16:50:17
273 verbose etag "B1HNEPFPG8D3H8EMKVJTOA792"
274 http request GET https://registry.npmjs.org/karma
275 http 304 https://registry.npmjs.org/angular2
276 verbose headers { date: 'Wed, 02 Mar 2016 15:50:18 GMT',
276 verbose headers   via: '1.1 varnish',
276 verbose headers   'cache-control': 'max-age=300',
276 verbose headers   etag: '"E1YYOMAGAAP19JVH0J7LNCCVV"',
276 verbose headers   age: '130',
276 verbose headers   connection: 'keep-alive',
276 verbose headers   'x-served-by': 'cache-lhr6323-LHR',
276 verbose headers   'x-cache': 'HIT',
276 verbose headers   'x-cache-hits': '2',
276 verbose headers   'x-timer': 'S1456933818.129611,VS0,VE0',
276 verbose headers   vary: 'Accept' }
277 silly get cb [ 304,
277 silly get   { date: 'Wed, 02 Mar 2016 15:50:18 GMT',
277 silly get     via: '1.1 varnish',
277 silly get     'cache-control': 'max-age=300',
277 silly get     etag: '"E1YYOMAGAAP19JVH0J7LNCCVV"',
277 silly get     age: '130',
277 silly get     connection: 'keep-alive',
277 silly get     'x-served-by': 'cache-lhr6323-LHR',
277 silly get     'x-cache': 'HIT',
277 silly get     'x-cache-hits': '2',
277 silly get     'x-timer': 'S1456933818.129611,VS0,VE0',
277 silly get     vary: 'Accept' } ]
278 verbose etag https://registry.npmjs.org/angular2 from cache
279 verbose get saving angular2 to /Users/jbeschi/.npm/registry.npmjs.org/angular2/.cache.json
280 verbose correctMkdir /Users/jbeschi/.npm correctMkdir not in flight; initializing
281 http 304 https://registry.npmjs.org/babel-plugin-transform-class-properties
282 verbose headers { date: 'Wed, 02 Mar 2016 15:50:18 GMT',
282 verbose headers   via: '1.1 varnish',
282 verbose headers   'cache-control': 'max-age=300',
282 verbose headers   etag: '"4NDQH7PR0BRC7JKXLZB0PSUUJ"',
282 verbose headers   age: '218',
282 verbose headers   connection: 'keep-alive',
282 verbose headers   'x-served-by': 'cache-lhr6322-LHR',
282 verbose headers   'x-cache': 'HIT',
282 verbose headers   'x-cache-hits': '2',
282 verbose headers   'x-timer': 'S1456933818.147723,VS0,VE0',
282 verbose headers   vary: 'Accept' }
283 silly get cb [ 304,
283 silly get   { date: 'Wed, 02 Mar 2016 15:50:18 GMT',
283 silly get     via: '1.1 varnish',
283 silly get     'cache-control': 'max-age=300',
283 silly get     etag: '"4NDQH7PR0BRC7JKXLZB0PSUUJ"',
283 silly get     age: '218',
283 silly get     connection: 'keep-alive',
283 silly get     'x-served-by': 'cache-lhr6322-LHR',
283 silly get     'x-cache': 'HIT',
283 silly get     'x-cache-hits': '2',
283 silly get     'x-timer': 'S1456933818.147723,VS0,VE0',
283 silly get     vary: 'Accept' } ]
284 verbose etag https://registry.npmjs.org/babel-plugin-transform-class-properties from cache
285 verbose get saving babel-plugin-transform-class-properties to /Users/jbeschi/.npm/registry.npmjs.org/babel-plugin-transform-class-properties/.cache.json
286 verbose correctMkdir /Users/jbeschi/.npm correctMkdir already in flight; waiting
287 http 304 https://registry.npmjs.org/babel-eslint
288 verbose headers { date: 'Wed, 02 Mar 2016 15:50:18 GMT',
288 verbose headers   via: '1.1 varnish',
288 verbose headers   'cache-control': 'max-age=300',
288 verbose headers   etag: '"8Q3BIGSOZZAKAOBS1L4V41MWL"',
288 verbose headers   age: '247',
288 verbose headers   connection: 'keep-alive',
288 verbose headers   'x-served-by': 'cache-lhr6324-LHR',
288 verbose headers   'x-cache': 'HIT',
288 verbose headers   'x-cache-hits': '3',
288 verbose headers   'x-timer': 'S1456933818.158549,VS0,VE0',
288 verbose headers   vary: 'Accept' }
289 silly get cb [ 304,
289 silly get   { date: 'Wed, 02 Mar 2016 15:50:18 GMT',
289 silly get     via: '1.1 varnish',
289 silly get     'cache-control': 'max-age=300',
289 silly get     etag: '"8Q3BIGSOZZAKAOBS1L4V41MWL"',
289 silly get     age: '247',
289 silly get     connection: 'keep-alive',
289 silly get     'x-served-by': 'cache-lhr6324-LHR',
289 silly get     'x-cache': 'HIT',
289 silly get     'x-cache-hits': '3',
289 silly get     'x-timer': 'S1456933818.158549,VS0,VE0',
289 silly get     vary: 'Accept' } ]
290 verbose etag https://registry.npmjs.org/babel-eslint from cache
291 verbose get saving babel-eslint to /Users/jbeschi/.npm/registry.npmjs.org/babel-eslint/.cache.json
292 verbose correctMkdir /Users/jbeschi/.npm correctMkdir not in flight; initializing
293 http 304 https://registry.npmjs.org/babel-plugin-transform-decorators-legacy
294 verbose headers { date: 'Wed, 02 Mar 2016 15:50:18 GMT',
294 verbose headers   via: '1.1 varnish',
294 verbose headers   'cache-control': 'max-age=300',
294 verbose headers   etag: '"BN68BI2J48A5OUCVT87Y5L4K3"',
294 verbose headers   age: '70',
294 verbose headers   connection: 'keep-alive',
294 verbose headers   'x-served-by': 'cache-lhr6333-LHR',
294 verbose headers   'x-cache': 'HIT',
294 verbose headers   'x-cache-hits': '3',
294 verbose headers   'x-timer': 'S1456933818.167970,VS0,VE0',
294 verbose headers   vary: 'Accept' }
295 silly get cb [ 304,
295 silly get   { date: 'Wed, 02 Mar 2016 15:50:18 GMT',
295 silly get     via: '1.1 varnish',
295 silly get     'cache-control': 'max-age=300',
295 silly get     etag: '"BN68BI2J48A5OUCVT87Y5L4K3"',
295 silly get     age: '70',
295 silly get     connection: 'keep-alive',
295 silly get     'x-served-by': 'cache-lhr6333-LHR',
295 silly get     'x-cache': 'HIT',
295 silly get     'x-cache-hits': '3',
295 silly get     'x-timer': 'S1456933818.167970,VS0,VE0',
295 silly get     vary: 'Accept' } ]
296 verbose etag https://registry.npmjs.org/babel-plugin-transform-decorators-legacy from cache
297 verbose get saving babel-plugin-transform-decorators-legacy to /Users/jbeschi/.npm/registry.npmjs.org/babel-plugin-transform-decorators-legacy/.cache.json
298 verbose correctMkdir /Users/jbeschi/.npm correctMkdir not in flight; initializing
299 http 304 https://registry.npmjs.org/babel-plugin-transform-es2015-classes
300 verbose headers { date: 'Wed, 02 Mar 2016 15:50:18 GMT',
300 verbose headers   via: '1.1 varnish',
300 verbose headers   'cache-control': 'max-age=300',
300 verbose headers   etag: '"1R7DTSC96T276HOKUFOLBZWCX"',
300 verbose headers   age: '160',
300 verbose headers   connection: 'keep-alive',
300 verbose headers   'x-served-by': 'cache-lhr6335-LHR',
300 verbose headers   'x-cache': 'HIT',
300 verbose headers   'x-cache-hits': '2',
300 verbose headers   'x-timer': 'S1456933818.176547,VS0,VE0',
300 verbose headers   vary: 'Accept' }
301 silly get cb [ 304,
301 silly get   { date: 'Wed, 02 Mar 2016 15:50:18 GMT',
301 silly get     via: '1.1 varnish',
301 silly get     'cache-control': 'max-age=300',
301 silly get     etag: '"1R7DTSC96T276HOKUFOLBZWCX"',
301 silly get     age: '160',
301 silly get     connection: 'keep-alive',
301 silly get     'x-served-by': 'cache-lhr6335-LHR',
301 silly get     'x-cache': 'HIT',
301 silly get     'x-cache-hits': '2',
301 silly get     'x-timer': 'S1456933818.176547,VS0,VE0',
301 silly get     vary: 'Accept' } ]
302 verbose etag https://registry.npmjs.org/babel-plugin-transform-es2015-classes from cache
303 verbose get saving babel-plugin-transform-es2015-classes to /Users/jbeschi/.npm/registry.npmjs.org/babel-plugin-transform-es2015-classes/.cache.json
304 verbose correctMkdir /Users/jbeschi/.npm correctMkdir not in flight; initializing
305 http 304 https://registry.npmjs.org/babel-plugin-transform-flow-strip-types
306 verbose headers { date: 'Wed, 02 Mar 2016 15:50:18 GMT',
306 verbose headers   via: '1.1 varnish',
306 verbose headers   'cache-control': 'max-age=300',
306 verbose headers   etag: '"C2S7SXF8ZAN2QNP3YRC4NRCAZ"',
306 verbose headers   age: '188',
306 verbose headers   connection: 'keep-alive',
306 verbose headers   'x-served-by': 'cache-lhr6332-LHR',
306 verbose headers   'x-cache': 'HIT',
306 verbose headers   'x-cache-hits': '1',
306 verbose headers   'x-timer': 'S1456933818.186410,VS0,VE0',
306 verbose headers   vary: 'Accept' }
307 silly get cb [ 304,
307 silly get   { date: 'Wed, 02 Mar 2016 15:50:18 GMT',
307 silly get     via: '1.1 varnish',
307 silly get     'cache-control': 'max-age=300',
307 silly get     etag: '"C2S7SXF8ZAN2QNP3YRC4NRCAZ"',
307 silly get     age: '188',
307 silly get     connection: 'keep-alive',
307 silly get     'x-served-by': 'cache-lhr6332-LHR',
307 silly get     'x-cache': 'HIT',
307 silly get     'x-cache-hits': '1',
307 silly get     'x-timer': 'S1456933818.186410,VS0,VE0',
307 silly get     vary: 'Accept' } ]
308 verbose etag https://registry.npmjs.org/babel-plugin-transform-flow-strip-types from cache
309 verbose get saving babel-plugin-transform-flow-strip-types to /Users/jbeschi/.npm/registry.npmjs.org/babel-plugin-transform-flow-strip-types/.cache.json
310 verbose correctMkdir /Users/jbeschi/.npm correctMkdir not in flight; initializing
311 http 304 https://registry.npmjs.org/babel-polyfill
312 verbose headers { date: 'Wed, 02 Mar 2016 15:50:18 GMT',
312 verbose headers   via: '1.1 varnish',
312 verbose headers   'cache-control': 'max-age=300',
312 verbose headers   etag: '"7CCFOL55DD32NOSKWU8FCU74Q"',
312 verbose headers   age: '96',
312 verbose headers   connection: 'keep-alive',
312 verbose headers   'x-served-by': 'cache-lhr6324-LHR',
312 verbose headers   'x-cache': 'HIT',
312 verbose headers   'x-cache-hits': '1',
312 verbose headers   'x-timer': 'S1456933818.194696,VS0,VE0',
312 verbose headers   vary: 'Accept' }
313 silly get cb [ 304,
313 silly get   { date: 'Wed, 02 Mar 2016 15:50:18 GMT',
313 silly get     via: '1.1 varnish',
313 silly get     'cache-control': 'max-age=300',
313 silly get     etag: '"7CCFOL55DD32NOSKWU8FCU74Q"',
313 silly get     age: '96',
313 silly get     connection: 'keep-alive',
313 silly get     'x-served-by': 'cache-lhr6324-LHR',
313 silly get     'x-cache': 'HIT',
313 silly get     'x-cache-hits': '1',
313 silly get     'x-timer': 'S1456933818.194696,VS0,VE0',
313 silly get     vary: 'Accept' } ]
314 verbose etag https://registry.npmjs.org/babel-polyfill from cache
315 verbose get saving babel-polyfill to /Users/jbeschi/.npm/registry.npmjs.org/babel-polyfill/.cache.json
316 verbose correctMkdir /Users/jbeschi/.npm correctMkdir not in flight; initializing
317 http 304 https://registry.npmjs.org/babel-core
318 verbose headers { date: 'Wed, 02 Mar 2016 15:50:18 GMT',
318 verbose headers   via: '1.1 varnish',
318 verbose headers   'cache-control': 'max-age=300',
318 verbose headers   etag: '"91BMKX03UTQZLYYVV5JPEGA0D"',
318 verbose headers   age: '300',
318 verbose headers   connection: 'keep-alive',
318 verbose headers   'x-served-by': 'cache-lhr6325-LHR',
318 verbose headers   'x-cache': 'HIT',
318 verbose headers   'x-cache-hits': '1',
318 verbose headers   'x-timer': 'S1456933818.207117,VS0,VE1',
318 verbose headers   vary: 'Accept' }
319 silly get cb [ 304,
319 silly get   { date: 'Wed, 02 Mar 2016 15:50:18 GMT',
319 silly get     via: '1.1 varnish',
319 silly get     'cache-control': 'max-age=300',
319 silly get     etag: '"91BMKX03UTQZLYYVV5JPEGA0D"',
319 silly get     age: '300',
319 silly get     connection: 'keep-alive',
319 silly get     'x-served-by': 'cache-lhr6325-LHR',
319 silly get     'x-cache': 'HIT',
319 silly get     'x-cache-hits': '1',
319 silly get     'x-timer': 'S1456933818.207117,VS0,VE1',
319 silly get     vary: 'Accept' } ]
320 verbose etag https://registry.npmjs.org/babel-core from cache
321 verbose get saving babel-core to /Users/jbeschi/.npm/registry.npmjs.org/babel-core/.cache.json
322 verbose correctMkdir /Users/jbeschi/.npm correctMkdir not in flight; initializing
323 http 304 https://registry.npmjs.org/babelify
324 verbose headers { date: 'Wed, 02 Mar 2016 15:50:18 GMT',
324 verbose headers   via: '1.1 varnish',
324 verbose headers   'cache-control': 'max-age=300',
324 verbose headers   etag: '"EWU2WGXV774UGS5IV9WB3M4X3"',
324 verbose headers   age: '19',
324 verbose headers   connection: 'keep-alive',
324 verbose headers   'x-served-by': 'cache-lhr6331-LHR',
324 verbose headers   'x-cache': 'HIT',
324 verbose headers   'x-cache-hits': '143',
324 verbose headers   'x-timer': 'S1456933818.216153,VS0,VE0',
324 verbose headers   vary: 'Accept' }
325 silly get cb [ 304,
325 silly get   { date: 'Wed, 02 Mar 2016 15:50:18 GMT',
325 silly get     via: '1.1 varnish',
325 silly get     'cache-control': 'max-age=300',
325 silly get     etag: '"EWU2WGXV774UGS5IV9WB3M4X3"',
325 silly get     age: '19',
325 silly get     connection: 'keep-alive',
325 silly get     'x-served-by': 'cache-lhr6331-LHR',
325 silly get     'x-cache': 'HIT',
325 silly get     'x-cache-hits': '143',
325 silly get     'x-timer': 'S1456933818.216153,VS0,VE0',
325 silly get     vary: 'Accept' } ]
326 verbose etag https://registry.npmjs.org/babelify from cache
327 verbose get saving babelify to /Users/jbeschi/.npm/registry.npmjs.org/babelify/.cache.json
328 verbose correctMkdir /Users/jbeschi/.npm correctMkdir not in flight; initializing
329 http 304 https://registry.npmjs.org/babylon
330 verbose headers { date: 'Wed, 02 Mar 2016 15:50:18 GMT',
330 verbose headers   via: '1.1 varnish',
330 verbose headers   'cache-control': 'max-age=300',
330 verbose headers   etag: '"XY5Q27TIFE9Y1PH63WTI6NJG"',
330 verbose headers   age: '203',
330 verbose headers   connection: 'keep-alive',
330 verbose headers   'x-served-by': 'cache-lhr6331-LHR',
330 verbose headers   'x-cache': 'HIT',
330 verbose headers   'x-cache-hits': '9',
330 verbose headers   'x-timer': 'S1456933818.225232,VS0,VE0',
330 verbose headers   vary: 'Accept' }
331 silly get cb [ 304,
331 silly get   { date: 'Wed, 02 Mar 2016 15:50:18 GMT',
331 silly get     via: '1.1 varnish',
331 silly get     'cache-control': 'max-age=300',
331 silly get     etag: '"XY5Q27TIFE9Y1PH63WTI6NJG"',
331 silly get     age: '203',
331 silly get     connection: 'keep-alive',
331 silly get     'x-served-by': 'cache-lhr6331-LHR',
331 silly get     'x-cache': 'HIT',
331 silly get     'x-cache-hits': '9',
331 silly get     'x-timer': 'S1456933818.225232,VS0,VE0',
331 silly get     vary: 'Accept' } ]
332 verbose etag https://registry.npmjs.org/babylon from cache
333 verbose get saving babylon to /Users/jbeschi/.npm/registry.npmjs.org/babylon/.cache.json
334 verbose correctMkdir /Users/jbeschi/.npm correctMkdir not in flight; initializing
335 http 304 https://registry.npmjs.org/browserify-incremental
336 verbose headers { date: 'Wed, 02 Mar 2016 15:50:18 GMT',
336 verbose headers   via: '1.1 varnish',
336 verbose headers   'cache-control': 'max-age=300',
336 verbose headers   etag: '"CDDVWS4YTPBJ3Y7XAXVQE54KR"',
336 verbose headers   age: '188',
336 verbose headers   connection: 'keep-alive',
336 verbose headers   'x-served-by': 'cache-lhr6326-LHR',
336 verbose headers   'x-cache': 'HIT',
336 verbose headers   'x-cache-hits': '1',
336 verbose headers   'x-timer': 'S1456933818.245778,VS0,VE0',
336 verbose headers   vary: 'Accept' }
337 silly get cb [ 304,
337 silly get   { date: 'Wed, 02 Mar 2016 15:50:18 GMT',
337 silly get     via: '1.1 varnish',
337 silly get     'cache-control': 'max-age=300',
337 silly get     etag: '"CDDVWS4YTPBJ3Y7XAXVQE54KR"',
337 silly get     age: '188',
337 silly get     connection: 'keep-alive',
337 silly get     'x-served-by': 'cache-lhr6326-LHR',
337 silly get     'x-cache': 'HIT',
337 silly get     'x-cache-hits': '1',
337 silly get     'x-timer': 'S1456933818.245778,VS0,VE0',
337 silly get     vary: 'Accept' } ]
338 verbose etag https://registry.npmjs.org/browserify-incremental from cache
339 verbose get saving browserify-incremental to /Users/jbeschi/.npm/registry.npmjs.org/browserify-incremental/.cache.json
340 verbose correctMkdir /Users/jbeschi/.npm correctMkdir not in flight; initializing
341 http 304 https://registry.npmjs.org/es6-promise
342 verbose headers { date: 'Wed, 02 Mar 2016 15:50:18 GMT',
342 verbose headers   via: '1.1 varnish',
342 verbose headers   'cache-control': 'max-age=300',
342 verbose headers   etag: '"BUSP1DPVNPLDGD79T8F9QO2S0"',
342 verbose headers   age: '30',
342 verbose headers   connection: 'keep-alive',
342 verbose headers   'x-served-by': 'cache-lhr6325-LHR',
342 verbose headers   'x-cache': 'HIT',
342 verbose headers   'x-cache-hits': '3',
342 verbose headers   'x-timer': 'S1456933818.255454,VS0,VE0',
342 verbose headers   vary: 'Accept' }
343 silly get cb [ 304,
343 silly get   { date: 'Wed, 02 Mar 2016 15:50:18 GMT',
343 silly get     via: '1.1 varnish',
343 silly get     'cache-control': 'max-age=300',
343 silly get     etag: '"BUSP1DPVNPLDGD79T8F9QO2S0"',
343 silly get     age: '30',
343 silly get     connection: 'keep-alive',
343 silly get     'x-served-by': 'cache-lhr6325-LHR',
343 silly get     'x-cache': 'HIT',
343 silly get     'x-cache-hits': '3',
343 silly get     'x-timer': 'S1456933818.255454,VS0,VE0',
343 silly get     vary: 'Accept' } ]
344 verbose etag https://registry.npmjs.org/es6-promise from cache
345 verbose get saving es6-promise to /Users/jbeschi/.npm/registry.npmjs.org/es6-promise/.cache.json
346 verbose correctMkdir /Users/jbeschi/.npm correctMkdir not in flight; initializing
347 http 304 https://registry.npmjs.org/jasmine-core
348 verbose headers { date: 'Wed, 02 Mar 2016 15:50:18 GMT',
348 verbose headers   via: '1.1 varnish',
348 verbose headers   'cache-control': 'max-age=300',
348 verbose headers   etag: '"BEIRIPJFU8OAVC0KOUI74RW3O"',
348 verbose headers   age: '257',
348 verbose headers   connection: 'keep-alive',
348 verbose headers   'x-served-by': 'cache-lhr6332-LHR',
348 verbose headers   'x-cache': 'HIT',
348 verbose headers   'x-cache-hits': '3',
348 verbose headers   'x-timer': 'S1456933818.264617,VS0,VE0',
348 verbose headers   vary: 'Accept' }
349 silly get cb [ 304,
349 silly get   { date: 'Wed, 02 Mar 2016 15:50:18 GMT',
349 silly get     via: '1.1 varnish',
349 silly get     'cache-control': 'max-age=300',
349 silly get     etag: '"BEIRIPJFU8OAVC0KOUI74RW3O"',
349 silly get     age: '257',
349 silly get     connection: 'keep-alive',
349 silly get     'x-served-by': 'cache-lhr6332-LHR',
349 silly get     'x-cache': 'HIT',
349 silly get     'x-cache-hits': '3',
349 silly get     'x-timer': 'S1456933818.264617,VS0,VE0',
349 silly get     vary: 'Accept' } ]
350 verbose etag https://registry.npmjs.org/jasmine-core from cache
351 verbose get saving jasmine-core to /Users/jbeschi/.npm/registry.npmjs.org/jasmine-core/.cache.json
352 verbose correctMkdir /Users/jbeschi/.npm correctMkdir not in flight; initializing
353 http 304 https://registry.npmjs.org/karma-browserify
354 verbose headers { date: 'Wed, 02 Mar 2016 15:50:18 GMT',
354 verbose headers   via: '1.1 varnish',
354 verbose headers   'cache-control': 'max-age=300',
354 verbose headers   etag: '"2AP3KPUNX3D40I7RZ7L7LJG84"',
354 verbose headers   age: '212',
354 verbose headers   connection: 'keep-alive',
354 verbose headers   'x-served-by': 'cache-lhr6325-LHR',
354 verbose headers   'x-cache': 'HIT',
354 verbose headers   'x-cache-hits': '1',
354 verbose headers   'x-timer': 'S1456933818.273640,VS0,VE0',
354 verbose headers   vary: 'Accept' }
355 silly get cb [ 304,
355 silly get   { date: 'Wed, 02 Mar 2016 15:50:18 GMT',
355 silly get     via: '1.1 varnish',
355 silly get     'cache-control': 'max-age=300',
355 silly get     etag: '"2AP3KPUNX3D40I7RZ7L7LJG84"',
355 silly get     age: '212',
355 silly get     connection: 'keep-alive',
355 silly get     'x-served-by': 'cache-lhr6325-LHR',
355 silly get     'x-cache': 'HIT',
355 silly get     'x-cache-hits': '1',
355 silly get     'x-timer': 'S1456933818.273640,VS0,VE0',
355 silly get     vary: 'Accept' } ]
356 verbose etag https://registry.npmjs.org/karma-browserify from cache
357 verbose get saving karma-browserify to /Users/jbeschi/.npm/registry.npmjs.org/karma-browserify/.cache.json
358 verbose correctMkdir /Users/jbeschi/.npm correctMkdir not in flight; initializing
359 http 304 https://registry.npmjs.org/karma-firefox-launcher
360 verbose headers { date: 'Wed, 02 Mar 2016 15:50:18 GMT',
360 verbose headers   via: '1.1 varnish',
360 verbose headers   'cache-control': 'max-age=300',
360 verbose headers   etag: '"917N9X36QDZ3SVX0Q7C7WQYLR"',
360 verbose headers   age: '208',
360 verbose headers   connection: 'keep-alive',
360 verbose headers   'x-served-by': 'cache-lhr6331-LHR',
360 verbose headers   'x-cache': 'HIT',
360 verbose headers   'x-cache-hits': '2',
360 verbose headers   'x-timer': 'S1456933818.282735,VS0,VE0',
360 verbose headers   vary: 'Accept' }
361 silly get cb [ 304,
361 silly get   { date: 'Wed, 02 Mar 2016 15:50:18 GMT',
361 silly get     via: '1.1 varnish',
361 silly get     'cache-control': 'max-age=300',
361 silly get     etag: '"917N9X36QDZ3SVX0Q7C7WQYLR"',
361 silly get     age: '208',
361 silly get     connection: 'keep-alive',
361 silly get     'x-served-by': 'cache-lhr6331-LHR',
361 silly get     'x-cache': 'HIT',
361 silly get     'x-cache-hits': '2',
361 silly get     'x-timer': 'S1456933818.282735,VS0,VE0',
361 silly get     vary: 'Accept' } ]
362 verbose etag https://registry.npmjs.org/karma-firefox-launcher from cache
363 verbose get saving karma-firefox-launcher to /Users/jbeschi/.npm/registry.npmjs.org/karma-firefox-launcher/.cache.json
364 verbose correctMkdir /Users/jbeschi/.npm correctMkdir not in flight; initializing
365 http 304 https://registry.npmjs.org/reflect-metadata
366 verbose headers { date: 'Wed, 02 Mar 2016 15:50:18 GMT',
366 verbose headers   via: '1.1 varnish',
366 verbose headers   'cache-control': 'max-age=300',
366 verbose headers   etag: '"ALR0H8W23JMSDAF0WMBCAYP5O"',
366 verbose headers   age: '176',
366 verbose headers   connection: 'keep-alive',
366 verbose headers   'x-served-by': 'cache-lhr6322-LHR',
366 verbose headers   'x-cache': 'HIT',
366 verbose headers   'x-cache-hits': '1',
366 verbose headers   'x-timer': 'S1456933818.319555,VS0,VE0',
366 verbose headers   vary: 'Accept' }
367 silly get cb [ 304,
367 silly get   { date: 'Wed, 02 Mar 2016 15:50:18 GMT',
367 silly get     via: '1.1 varnish',
367 silly get     'cache-control': 'max-age=300',
367 silly get     etag: '"ALR0H8W23JMSDAF0WMBCAYP5O"',
367 silly get     age: '176',
367 silly get     connection: 'keep-alive',
367 silly get     'x-served-by': 'cache-lhr6322-LHR',
367 silly get     'x-cache': 'HIT',
367 silly get     'x-cache-hits': '1',
367 silly get     'x-timer': 'S1456933818.319555,VS0,VE0',
367 silly get     vary: 'Accept' } ]
368 verbose etag https://registry.npmjs.org/reflect-metadata from cache
369 verbose get saving reflect-metadata to /Users/jbeschi/.npm/registry.npmjs.org/reflect-metadata/.cache.json
370 verbose correctMkdir /Users/jbeschi/.npm correctMkdir not in flight; initializing
371 http 304 https://registry.npmjs.org/rxjs
372 verbose headers { date: 'Wed, 02 Mar 2016 15:50:18 GMT',
372 verbose headers   via: '1.1 varnish',
372 verbose headers   'cache-control': 'max-age=300',
372 verbose headers   etag: '"A5XEBGVRHVR0BRN8OSE7BRG4S"',
372 verbose headers   age: '131',
372 verbose headers   connection: 'keep-alive',
372 verbose headers   'x-served-by': 'cache-lhr6332-LHR',
372 verbose headers   'x-cache': 'HIT',
372 verbose headers   'x-cache-hits': '1',
372 verbose headers   'x-timer': 'S1456933818.328530,VS0,VE0',
372 verbose headers   vary: 'Accept' }
373 silly get cb [ 304,
373 silly get   { date: 'Wed, 02 Mar 2016 15:50:18 GMT',
373 silly get     via: '1.1 varnish',
373 silly get     'cache-control': 'max-age=300',
373 silly get     etag: '"A5XEBGVRHVR0BRN8OSE7BRG4S"',
373 silly get     age: '131',
373 silly get     connection: 'keep-alive',
373 silly get     'x-served-by': 'cache-lhr6332-LHR',
373 silly get     'x-cache': 'HIT',
373 silly get     'x-cache-hits': '1',
373 silly get     'x-timer': 'S1456933818.328530,VS0,VE0',
373 silly get     vary: 'Accept' } ]
374 verbose etag https://registry.npmjs.org/rxjs from cache
375 verbose get saving rxjs to /Users/jbeschi/.npm/registry.npmjs.org/rxjs/.cache.json
376 verbose correctMkdir /Users/jbeschi/.npm correctMkdir not in flight; initializing
377 http 304 https://registry.npmjs.org/crypto-js
378 verbose headers { date: 'Wed, 02 Mar 2016 15:50:18 GMT',
378 verbose headers   via: '1.1 varnish',
378 verbose headers   'cache-control': 'max-age=300',
378 verbose headers   etag: '"BNF31CUU4HF98D10IW1ZU8M2Z"',
378 verbose headers   age: '0',
378 verbose headers   connection: 'keep-alive',
378 verbose headers   'x-served-by': 'cache-lhr6334-LHR',
378 verbose headers   'x-cache': 'HIT',
378 verbose headers   'x-cache-hits': '1',
378 verbose headers   'x-timer': 'S1456933818.234651,VS0,VE100',
378 verbose headers   vary: 'Accept' }
379 silly get cb [ 304,
379 silly get   { date: 'Wed, 02 Mar 2016 15:50:18 GMT',
379 silly get     via: '1.1 varnish',
379 silly get     'cache-control': 'max-age=300',
379 silly get     etag: '"BNF31CUU4HF98D10IW1ZU8M2Z"',
379 silly get     age: '0',
379 silly get     connection: 'keep-alive',
379 silly get     'x-served-by': 'cache-lhr6334-LHR',
379 silly get     'x-cache': 'HIT',
379 silly get     'x-cache-hits': '1',
379 silly get     'x-timer': 'S1456933818.234651,VS0,VE100',
379 silly get     vary: 'Accept' } ]
380 verbose etag https://registry.npmjs.org/crypto-js from cache
381 verbose get saving crypto-js to /Users/jbeschi/.npm/registry.npmjs.org/crypto-js/.cache.json
382 verbose correctMkdir /Users/jbeschi/.npm correctMkdir not in flight; initializing
383 http 304 https://registry.npmjs.org/stringify
384 verbose headers { date: 'Wed, 02 Mar 2016 15:50:18 GMT',
384 verbose headers   via: '1.1 varnish',
384 verbose headers   'cache-control': 'max-age=300',
384 verbose headers   etag: '"373ZZU9QLX49A2IAKUB3OSTGP"',
384 verbose headers   age: '202',
384 verbose headers   connection: 'keep-alive',
384 verbose headers   'x-served-by': 'cache-lhr6327-LHR',
384 verbose headers   'x-cache': 'HIT',
384 verbose headers   'x-cache-hits': '1',
384 verbose headers   'x-timer': 'S1456933818.337750,VS0,VE0',
384 verbose headers   vary: 'Accept' }
385 silly get cb [ 304,
385 silly get   { date: 'Wed, 02 Mar 2016 15:50:18 GMT',
385 silly get     via: '1.1 varnish',
385 silly get     'cache-control': 'max-age=300',
385 silly get     etag: '"373ZZU9QLX49A2IAKUB3OSTGP"',
385 silly get     age: '202',
385 silly get     connection: 'keep-alive',
385 silly get     'x-served-by': 'cache-lhr6327-LHR',
385 silly get     'x-cache': 'HIT',
385 silly get     'x-cache-hits': '1',
385 silly get     'x-timer': 'S1456933818.337750,VS0,VE0',
385 silly get     vary: 'Accept' } ]
386 verbose etag https://registry.npmjs.org/stringify from cache
387 verbose get saving stringify to /Users/jbeschi/.npm/registry.npmjs.org/stringify/.cache.json
388 verbose correctMkdir /Users/jbeschi/.npm correctMkdir not in flight; initializing
389 http 304 https://registry.npmjs.org/es6-shim
390 verbose headers { date: 'Wed, 02 Mar 2016 15:50:18 GMT',
390 verbose headers   via: '1.1 varnish',
390 verbose headers   'cache-control': 'max-age=300',
390 verbose headers   etag: '"EH5WMZZJWYJFAD2EJG6PIP3XE"',
390 verbose headers   age: '30',
390 verbose headers   connection: 'keep-alive',
390 verbose headers   'x-served-by': 'cache-lhr6335-LHR',
390 verbose headers   'x-cache': 'HIT',
390 verbose headers   'x-cache-hits': '1',
390 verbose headers   'x-timer': 'S1456933818.346503,VS0,VE0',
390 verbose headers   vary: 'Accept' }
391 silly get cb [ 304,
391 silly get   { date: 'Wed, 02 Mar 2016 15:50:18 GMT',
391 silly get     via: '1.1 varnish',
391 silly get     'cache-control': 'max-age=300',
391 silly get     etag: '"EH5WMZZJWYJFAD2EJG6PIP3XE"',
391 silly get     age: '30',
391 silly get     connection: 'keep-alive',
391 silly get     'x-served-by': 'cache-lhr6335-LHR',
391 silly get     'x-cache': 'HIT',
391 silly get     'x-cache-hits': '1',
391 silly get     'x-timer': 'S1456933818.346503,VS0,VE0',
391 silly get     vary: 'Accept' } ]
392 verbose etag https://registry.npmjs.org/es6-shim from cache
393 verbose get saving es6-shim to /Users/jbeschi/.npm/registry.npmjs.org/es6-shim/.cache.json
394 verbose correctMkdir /Users/jbeschi/.npm correctMkdir not in flight; initializing
395 http 304 https://registry.npmjs.org/watchify
396 verbose headers { date: 'Wed, 02 Mar 2016 15:50:18 GMT',
396 verbose headers   via: '1.1 varnish',
396 verbose headers   'cache-control': 'max-age=300',
396 verbose headers   etag: '"8OEU3UYMT171FZY92JU3UDA8T"',
396 verbose headers   age: '170',
396 verbose headers   connection: 'keep-alive',
396 verbose headers   'x-served-by': 'cache-lhr6335-LHR',
396 verbose headers   'x-cache': 'HIT',
396 verbose headers   'x-cache-hits': '1',
396 verbose headers   'x-timer': 'S1456933818.355594,VS0,VE0',
396 verbose headers   vary: 'Accept' }
397 silly get cb [ 304,
397 silly get   { date: 'Wed, 02 Mar 2016 15:50:18 GMT',
397 silly get     via: '1.1 varnish',
397 silly get     'cache-control': 'max-age=300',
397 silly get     etag: '"8OEU3UYMT171FZY92JU3UDA8T"',
397 silly get     age: '170',
397 silly get     connection: 'keep-alive',
397 silly get     'x-served-by': 'cache-lhr6335-LHR',
397 silly get     'x-cache': 'HIT',
397 silly get     'x-cache-hits': '1',
397 silly get     'x-timer': 'S1456933818.355594,VS0,VE0',
397 silly get     vary: 'Accept' } ]
398 verbose etag https://registry.npmjs.org/watchify from cache
399 verbose get saving watchify to /Users/jbeschi/.npm/registry.npmjs.org/watchify/.cache.json
400 verbose correctMkdir /Users/jbeschi/.npm correctMkdir not in flight; initializing
401 http 304 https://registry.npmjs.org/browserify
402 verbose headers { date: 'Wed, 02 Mar 2016 15:50:18 GMT',
402 verbose headers   via: '1.1 varnish',
402 verbose headers   'cache-control': 'max-age=300',
402 verbose headers   etag: '"1T7DYJ67RBH4X57FFWWRN13X8"',
402 verbose headers   age: '138',
402 verbose headers   connection: 'keep-alive',
402 verbose headers   'x-served-by': 'cache-lhr6333-LHR',
402 verbose headers   'x-cache': 'HIT',
402 verbose headers   'x-cache-hits': '1',
402 verbose headers   'x-timer': 'S1456933818.365165,VS0,VE1',
402 verbose headers   vary: 'Accept' }
403 silly get cb [ 304,
403 silly get   { date: 'Wed, 02 Mar 2016 15:50:18 GMT',
403 silly get     via: '1.1 varnish',
403 silly get     'cache-control': 'max-age=300',
403 silly get     etag: '"1T7DYJ67RBH4X57FFWWRN13X8"',
403 silly get     age: '138',
403 silly get     connection: 'keep-alive',
403 silly get     'x-served-by': 'cache-lhr6333-LHR',
403 silly get     'x-cache': 'HIT',
403 silly get     'x-cache-hits': '1',
403 silly get     'x-timer': 'S1456933818.365165,VS0,VE1',
403 silly get     vary: 'Accept' } ]
404 verbose etag https://registry.npmjs.org/browserify from cache
405 verbose get saving browserify to /Users/jbeschi/.npm/registry.npmjs.org/browserify/.cache.json
406 verbose correctMkdir /Users/jbeschi/.npm correctMkdir not in flight; initializing
407 http 304 https://registry.npmjs.org/zone.js
408 verbose headers { date: 'Wed, 02 Mar 2016 15:50:18 GMT',
408 verbose headers   via: '1.1 varnish',
408 verbose headers   'cache-control': 'max-age=300',
408 verbose headers   etag: '"23AS8CHJ194E4TK5ALEP5SS4S"',
408 verbose headers   age: '176',
408 verbose headers   connection: 'keep-alive',
408 verbose headers   'x-served-by': 'cache-lhr6335-LHR',
408 verbose headers   'x-cache': 'HIT',
408 verbose headers   'x-cache-hits': '1',
408 verbose headers   'x-timer': 'S1456933818.377157,VS0,VE0',
408 verbose headers   vary: 'Accept' }
409 silly get cb [ 304,
409 silly get   { date: 'Wed, 02 Mar 2016 15:50:18 GMT',
409 silly get     via: '1.1 varnish',
409 silly get     'cache-control': 'max-age=300',
409 silly get     etag: '"23AS8CHJ194E4TK5ALEP5SS4S"',
409 silly get     age: '176',
409 silly get     connection: 'keep-alive',
409 silly get     'x-served-by': 'cache-lhr6335-LHR',
409 silly get     'x-cache': 'HIT',
409 silly get     'x-cache-hits': '1',
409 silly get     'x-timer': 'S1456933818.377157,VS0,VE0',
409 silly get     vary: 'Accept' } ]
410 verbose etag https://registry.npmjs.org/zone.js from cache
411 verbose get saving zone.js to /Users/jbeschi/.npm/registry.npmjs.org/zone.js/.cache.json
412 verbose correctMkdir /Users/jbeschi/.npm correctMkdir not in flight; initializing
413 http 304 https://registry.npmjs.org/karma
414 verbose headers { date: 'Wed, 02 Mar 2016 15:50:18 GMT',
414 verbose headers   via: '1.1 varnish',
414 verbose headers   'cache-control': 'max-age=300',
414 verbose headers   etag: '"B1HNEPFPG8D3H8EMKVJTOA792"',
414 verbose headers   age: '285',
414 verbose headers   connection: 'keep-alive',
414 verbose headers   'x-served-by': 'cache-lhr6327-LHR',
414 verbose headers   'x-cache': 'HIT',
414 verbose headers   'x-cache-hits': '4',
414 verbose headers   'x-timer': 'S1456933818.385044,VS0,VE0',
414 verbose headers   vary: 'Accept' }
415 silly get cb [ 304,
415 silly get   { date: 'Wed, 02 Mar 2016 15:50:18 GMT',
415 silly get     via: '1.1 varnish',
415 silly get     'cache-control': 'max-age=300',
415 silly get     etag: '"B1HNEPFPG8D3H8EMKVJTOA792"',
415 silly get     age: '285',
415 silly get     connection: 'keep-alive',
415 silly get     'x-served-by': 'cache-lhr6327-LHR',
415 silly get     'x-cache': 'HIT',
415 silly get     'x-cache-hits': '4',
415 silly get     'x-timer': 'S1456933818.385044,VS0,VE0',
415 silly get     vary: 'Accept' } ]
416 verbose etag https://registry.npmjs.org/karma from cache
417 verbose get saving karma to /Users/jbeschi/.npm/registry.npmjs.org/karma/.cache.json
418 verbose correctMkdir /Users/jbeschi/.npm correctMkdir not in flight; initializing
419 http 304 https://registry.npmjs.org/karma-source-map-support
420 verbose headers { date: 'Wed, 02 Mar 2016 15:50:18 GMT',
420 verbose headers   via: '1.1 varnish',
420 verbose headers   'cache-control': 'max-age=300',
420 verbose headers   etag: '"509A33G8UAARLMPZZFF10JYNU"',
420 verbose headers   age: '0',
420 verbose headers   connection: 'keep-alive',
420 verbose headers   'x-served-by': 'cache-lhr6334-LHR',
420 verbose headers   'x-cache': 'HIT',
420 verbose headers   'x-cache-hits': '1',
420 verbose headers   'x-timer': 'S1456933818.300830,VS0,VE168',
420 verbose headers   vary: 'Accept' }
421 silly get cb [ 304,
421 silly get   { date: 'Wed, 02 Mar 2016 15:50:18 GMT',
421 silly get     via: '1.1 varnish',
421 silly get     'cache-control': 'max-age=300',
421 silly get     etag: '"509A33G8UAARLMPZZFF10JYNU"',
421 silly get     age: '0',
421 silly get     connection: 'keep-alive',
421 silly get     'x-served-by': 'cache-lhr6334-LHR',
421 silly get     'x-cache': 'HIT',
421 silly get     'x-cache-hits': '1',
421 silly get     'x-timer': 'S1456933818.300830,VS0,VE168',
421 silly get     vary: 'Accept' } ]
422 verbose etag https://registry.npmjs.org/karma-source-map-support from cache
423 verbose get saving karma-source-map-support to /Users/jbeschi/.npm/registry.npmjs.org/karma-source-map-support/.cache.json
424 verbose correctMkdir /Users/jbeschi/.npm correctMkdir not in flight; initializing
425 http 304 https://registry.npmjs.org/mock-promises
426 verbose headers { date: 'Wed, 02 Mar 2016 15:50:18 GMT',
426 verbose headers   via: '1.1 varnish',
426 verbose headers   'cache-control': 'max-age=300',
426 verbose headers   etag: '"7PV4BCAZEQMQ25YWPPSZYLX87"',
426 verbose headers   age: '0',
426 verbose headers   connection: 'keep-alive',
426 verbose headers   'x-served-by': 'cache-lhr6328-LHR',
426 verbose headers   'x-cache': 'MISS',
426 verbose headers   'x-cache-hits': '0',
426 verbose headers   'x-timer': 'S1456933818.310512,VS0,VE188',
426 verbose headers   vary: 'Accept' }
427 silly get cb [ 304,
427 silly get   { date: 'Wed, 02 Mar 2016 15:50:18 GMT',
427 silly get     via: '1.1 varnish',
427 silly get     'cache-control': 'max-age=300',
427 silly get     etag: '"7PV4BCAZEQMQ25YWPPSZYLX87"',
427 silly get     age: '0',
427 silly get     connection: 'keep-alive',
427 silly get     'x-served-by': 'cache-lhr6328-LHR',
427 silly get     'x-cache': 'MISS',
427 silly get     'x-cache-hits': '0',
427 silly get     'x-timer': 'S1456933818.310512,VS0,VE188',
427 silly get     vary: 'Accept' } ]
428 verbose etag https://registry.npmjs.org/mock-promises from cache
429 verbose get saving mock-promises to /Users/jbeschi/.npm/registry.npmjs.org/mock-promises/.cache.json
430 verbose correctMkdir /Users/jbeschi/.npm correctMkdir not in flight; initializing
431 http 304 https://registry.npmjs.org/babel-plugin-angular2-annotations
432 verbose headers { date: 'Wed, 02 Mar 2016 15:50:18 GMT',
432 verbose headers   via: '1.1 varnish',
432 verbose headers   'cache-control': 'max-age=300',
432 verbose headers   etag: '"1622LF2WJM5WOYWCUY48LLXCS"',
432 verbose headers   age: '0',
432 verbose headers   connection: 'keep-alive',
432 verbose headers   'x-served-by': 'cache-lhr6325-LHR',
432 verbose headers   'x-cache': 'MISS',
432 verbose headers   'x-cache-hits': '0',
432 verbose headers   'x-timer': 'S1456933818.138662,VS0,VE373',
432 verbose headers   vary: 'Accept' }
433 silly get cb [ 304,
433 silly get   { date: 'Wed, 02 Mar 2016 15:50:18 GMT',
433 silly get     via: '1.1 varnish',
433 silly get     'cache-control': 'max-age=300',
433 silly get     etag: '"1622LF2WJM5WOYWCUY48LLXCS"',
433 silly get     age: '0',
433 silly get     connection: 'keep-alive',
433 silly get     'x-served-by': 'cache-lhr6325-LHR',
433 silly get     'x-cache': 'MISS',
433 silly get     'x-cache-hits': '0',
433 silly get     'x-timer': 'S1456933818.138662,VS0,VE373',
433 silly get     vary: 'Accept' } ]
434 verbose etag https://registry.npmjs.org/babel-plugin-angular2-annotations from cache
435 verbose get saving babel-plugin-angular2-annotations to /Users/jbeschi/.npm/registry.npmjs.org/babel-plugin-angular2-annotations/.cache.json
436 verbose correctMkdir /Users/jbeschi/.npm correctMkdir not in flight; initializing
437 http 304 https://registry.npmjs.org/babel-preset-es2015
438 verbose headers { date: 'Wed, 02 Mar 2016 15:50:18 GMT',
438 verbose headers   via: '1.1 varnish',
438 verbose headers   'cache-control': 'max-age=300',
438 verbose headers   etag: '"9DB7FFAGZ0RQ8VCPU7V29ENKQ"',
438 verbose headers   age: '229',
438 verbose headers   connection: 'keep-alive',
438 verbose headers   'x-served-by': 'cache-lhr6324-LHR',
438 verbose headers   'x-cache': 'HIT',
438 verbose headers   'x-cache-hits': '3',
438 verbose headers   'x-timer': 'S1456933818.906866,VS0,VE0',
438 verbose headers   vary: 'Accept' }
439 silly get cb [ 304,
439 silly get   { date: 'Wed, 02 Mar 2016 15:50:18 GMT',
439 silly get     via: '1.1 varnish',
439 silly get     'cache-control': 'max-age=300',
439 silly get     etag: '"9DB7FFAGZ0RQ8VCPU7V29ENKQ"',
439 silly get     age: '229',
439 silly get     connection: 'keep-alive',
439 silly get     'x-served-by': 'cache-lhr6324-LHR',
439 silly get     'x-cache': 'HIT',
439 silly get     'x-cache-hits': '3',
439 silly get     'x-timer': 'S1456933818.906866,VS0,VE0',
439 silly get     vary: 'Accept' } ]
440 verbose etag https://registry.npmjs.org/babel-preset-es2015 from cache
441 verbose get saving babel-preset-es2015 to /Users/jbeschi/.npm/registry.npmjs.org/babel-preset-es2015/.cache.json
442 verbose correctMkdir /Users/jbeschi/.npm correctMkdir not in flight; initializing
443 http 304 https://registry.npmjs.org/babel-preset-es2015-loose
444 verbose headers { date: 'Wed, 02 Mar 2016 15:50:18 GMT',
444 verbose headers   via: '1.1 varnish',
444 verbose headers   'cache-control': 'max-age=300',
444 verbose headers   etag: '"7QVN57IU1X4CE2VJZ875HZGJQ"',
444 verbose headers   age: '0',
444 verbose headers   connection: 'keep-alive',
444 verbose headers   'x-served-by': 'cache-lhr6320-LHR',
444 verbose headers   'x-cache': 'MISS',
444 verbose headers   'x-cache-hits': '0',
444 verbose headers   'x-timer': 'S1456933818.898510,VS0,VE88',
444 verbose headers   vary: 'Accept' }
445 silly get cb [ 304,
445 silly get   { date: 'Wed, 02 Mar 2016 15:50:18 GMT',
445 silly get     via: '1.1 varnish',
445 silly get     'cache-control': 'max-age=300',
445 silly get     etag: '"7QVN57IU1X4CE2VJZ875HZGJQ"',
445 silly get     age: '0',
445 silly get     connection: 'keep-alive',
445 silly get     'x-served-by': 'cache-lhr6320-LHR',
445 silly get     'x-cache': 'MISS',
445 silly get     'x-cache-hits': '0',
445 silly get     'x-timer': 'S1456933818.898510,VS0,VE88',
445 silly get     vary: 'Accept' } ]
446 verbose etag https://registry.npmjs.org/babel-preset-es2015-loose from cache
447 verbose get saving babel-preset-es2015-loose to /Users/jbeschi/.npm/registry.npmjs.org/babel-preset-es2015-loose/.cache.json
448 verbose correctMkdir /Users/jbeschi/.npm correctMkdir not in flight; initializing
449 http 304 https://registry.npmjs.org/karma-jasmine
450 verbose headers { date: 'Wed, 02 Mar 2016 15:50:19 GMT',
450 verbose headers   via: '1.1 varnish',
450 verbose headers   'cache-control': 'max-age=300',
450 verbose headers   etag: '"COQIOJLMIVMR8QNMQ6TVT7BP7"',
450 verbose headers   age: '178',
450 verbose headers   connection: 'keep-alive',
450 verbose headers   'x-served-by': 'cache-lhr6331-LHR',
450 verbose headers   'x-cache': 'HIT',
450 verbose headers   'x-cache-hits': '104',
450 verbose headers   'x-timer': 'S1456933819.133547,VS0,VE0',
450 verbose headers   vary: 'Accept' }
451 silly get cb [ 304,
451 silly get   { date: 'Wed, 02 Mar 2016 15:50:19 GMT',
451 silly get     via: '1.1 varnish',
451 silly get     'cache-control': 'max-age=300',
451 silly get     etag: '"COQIOJLMIVMR8QNMQ6TVT7BP7"',
451 silly get     age: '178',
451 silly get     connection: 'keep-alive',
451 silly get     'x-served-by': 'cache-lhr6331-LHR',
451 silly get     'x-cache': 'HIT',
451 silly get     'x-cache-hits': '104',
451 silly get     'x-timer': 'S1456933819.133547,VS0,VE0',
451 silly get     vary: 'Accept' } ]
452 verbose etag https://registry.npmjs.org/karma-jasmine from cache
453 verbose get saving karma-jasmine to /Users/jbeschi/.npm/registry.npmjs.org/karma-jasmine/.cache.json
454 verbose correctMkdir /Users/jbeschi/.npm correctMkdir not in flight; initializing
455 verbose outdated not updating babel-core because it's currently at the maximum version that matches its specified semver range
456 verbose outdated not updating babylon because it's currently at the maximum version that matches its specified semver range
457 verbose outdated not updating browserify because it's currently at the maximum version that matches its specified semver range
458 verbose outdated not updating es6-shim because it's currently at the maximum version that matches its specified semver range
459 verbose outdated not updating reflect-metadata because it's currently at the maximum version that matches its specified semver range
460 verbose outdated not updating stringify because it's currently at the maximum version that matches its specified semver range
461 verbose outdated not updating zone.js because it's currently at the maximum version that matches its specified semver range
462 info outdated updating [ { dep:
462 info outdated      Node {
462 info outdated        id: 44,
462 info outdated        package: [Object],
462 info outdated        path: '/Users/jbeschi/Documents/Progetti/rails/albo_fe/node_modules/babel-plugin-transform-class-properties',
462 info outdated        realpath: '/Users/jbeschi/Documents/Progetti/rails/albo_fe/node_modules/babel-plugin-transform-class-properties',
462 info outdated        parent: [Object],
462 info outdated        isLink: false,
462 info outdated        children: [Object],
462 info outdated        error: null,
462 info outdated        loaded: false,
462 info outdated        requiredBy: [Object],
462 info outdated        requires: [Object],
462 info outdated        missingDeps: {},
462 info outdated        missingDevDeps: {},
462 info outdated        userRequired: false,
462 info outdated        existing: false },
462 info outdated     depname: 'babel-plugin-transform-class-properties',
462 info outdated     current: '6.5.2',
462 info outdated     wanted: '6.6.0',
462 info outdated     latest: '6.6.0',
462 info outdated     req: '^6.3.13',
462 info outdated     what: 'babel-plugin-transform-class-properties@6.6.0' },
462 info outdated   { dep:
462 info outdated      Node {
462 info outdated        id: 49,
462 info outdated        package: [Object],
462 info outdated        path: '/Users/jbeschi/Documents/Progetti/rails/albo_fe/node_modules/babel-plugin-transform-es2015-classes',
462 info outdated        realpath: '/Users/jbeschi/Documents/Progetti/rails/albo_fe/node_modules/babel-plugin-transform-es2015-classes',
462 info outdated        parent: [Object],
462 info outdated        isLink: false,
462 info outdated        children: [Object],
462 info outdated        error: null,
462 info outdated        loaded: false,
462 info outdated        requiredBy: [Object],
462 info outdated        requires: [Object],
462 info outdated        missingDeps: {},
462 info outdated        missingDevDeps: {},
462 info outdated        userRequired: true,
462 info outdated        existing: false },
462 info outdated     depname: 'babel-plugin-transform-es2015-classes',
462 info outdated     current: '6.5.2',
462 info outdated     wanted: '6.6.0',
462 info outdated     latest: '6.6.0',
462 info outdated     req: '^6.5.2',
462 info outdated     what: 'babel-plugin-transform-es2015-classes@6.6.0' },
462 info outdated   { dep:
462 info outdated      Node {
462 info outdated        id: 67,
462 info outdated        package: [Object],
462 info outdated        path: '/Users/jbeschi/Documents/Progetti/rails/albo_fe/node_modules/babel-polyfill',
462 info outdated        realpath: '/Users/jbeschi/Documents/Progetti/rails/albo_fe/node_modules/babel-polyfill',
462 info outdated        parent: [Object],
462 info outdated        isLink: false,
462 info outdated        children: [Object],
462 info outdated        error: null,
462 info outdated        loaded: false,
462 info outdated        requiredBy: [Object],
462 info outdated        requires: [Object],
462 info outdated        missingDeps: {},
462 info outdated        missingDevDeps: {},
462 info outdated        userRequired: false,
462 info outdated        existing: false },
462 info outdated     depname: 'babel-polyfill',
462 info outdated     current: '6.5.0',
462 info outdated     wanted: '6.6.1',
462 info outdated     latest: '6.6.1',
462 info outdated     req: '^6.3.14',
462 info outdated     what: 'babel-polyfill@6.6.1' },
462 info outdated   { dep:
462 info outdated      Node {
462 info outdated        id: 68,
462 info outdated        package: [Object],
462 info outdated        path: '/Users/jbeschi/Documents/Progetti/rails/albo_fe/node_modules/babel-preset-es2015',
462 info outdated        realpath: '/Users/jbeschi/Documents/Progetti/rails/albo_fe/node_modules/babel-preset-es2015',
462 info outdated        parent: [Object],
462 info outdated        isLink: false,
462 info outdated        children: [Object],
462 info outdated        error: null,
462 info outdated        loaded: false,
462 info outdated        requiredBy: [Object],
462 info outdated        requires: [Object],
462 info outdated        missingDeps: {},
462 info outdated        missingDevDeps: {},
462 info outdated        userRequired: true,
462 info outdated        existing: false },
462 info outdated     depname: 'babel-preset-es2015',
462 info outdated     current: '6.5.0',
462 info outdated     wanted: '6.6.0',
462 info outdated     latest: '6.6.0',
462 info outdated     req: '^6.5.0',
462 info outdated     what: 'babel-preset-es2015@6.6.0' },
462 info outdated   { dep:
462 info outdated      Node {
462 info outdated        id: 225,
462 info outdated        package: [Object],
462 info outdated        path: '/Users/jbeschi/Documents/Progetti/rails/albo_fe/node_modules/karma-browserify',
462 info outdated        realpath: '/Users/jbeschi/Documents/Progetti/rails/albo_fe/node_modules/karma-browserify',
462 info outdated        parent: [Object],
462 info outdated        isLink: false,
462 info outdated        children: [Object],
462 info outdated        error: null,
462 info outdated        loaded: false,
462 info outdated        requiredBy: [Object],
462 info outdated        requires: [Object],
462 info outdated        missingDeps: {},
462 info outdated        missingDevDeps: {},
462 info outdated        userRequired: false,
462 info outdated        existing: false },
462 info outdated     depname: 'karma-browserify',
462 info outdated     current: '5.0.1',
462 info outdated     wanted: '5.0.2',
462 info outdated     latest: '5.0.2',
462 info outdated     req: '^5.0.1',
462 info outdated     what: 'karma-browserify@5.0.2' } ]
463 verbose stack ReferenceError: what is not defined
463 verbose stack     at /opt/local/lib/node_modules/npm/lib/update.js:49:11
463 verbose stack     at Array.forEach (native)
463 verbose stack     at /opt/local/lib/node_modules/npm/lib/update.js:45:12
463 verbose stack     at /opt/local/lib/node_modules/npm/lib/outdated.js:84:53
463 verbose stack     at cb (/opt/local/lib/node_modules/npm/node_modules/slide/lib/async-map.js:47:24)
463 verbose stack     at outdated_ (/opt/local/lib/node_modules/npm/lib/outdated.js:208:12)
463 verbose stack     at skip (/opt/local/lib/node_modules/npm/lib/outdated.js:319:5)
463 verbose stack     at onCacheAdd (/opt/local/lib/node_modules/npm/lib/outdated.js:425:9)
463 verbose stack     at updateDeps (/opt/local/lib/node_modules/npm/lib/outdated.js:394:16)
463 verbose stack     at saved (/opt/local/lib/node_modules/npm/lib/cache/caching-client.js:168:7)
464 verbose cwd /Users/jbeschi/Documents/Progetti/rails/albo_fe
465 error Darwin 14.5.0
466 error argv "/opt/local/bin/node" "/opt/local/bin/npm" "update"
467 error node v4.3.0
468 error npm  v3.7.1
469 error what is not defined
470 error If you need help, you may report this error at:
470 error     <https://github.com/npm/npm/issues>
471 verbose exit [ 1, true ]
